# JRE version: OpenJDK Runtime Environment (8.0_111-b14) (build 1.8.0_111-8u111-b14-2ubuntu0.16.04.2-b14)
# Java VM: OpenJDK 64-Bit Server VM (25.111-b14 mixed mode linux-amd64 compressed oops)
Heap:
 PSYoungGen      total 15360K, used 5189K [0x00000000ee380000, 0x00000000efc80000, 0x0000000100000000)
  eden space 14336K, 32% used [0x00000000ee380000,0x00000000ee809698,0x00000000ef180000)
  from space 1024K, 53% used [0x00000000ef180000,0x00000000ef208000,0x00000000ef280000)
  to   space 5632K, 0% used [0x00000000ef700000,0x00000000ef700000,0x00000000efc80000)
 ParOldGen       total 23552K, used 5111K [0x00000000caa00000, 0x00000000cc100000, 0x00000000ee380000)
  object space 23552K, 21% used [0x00000000caa00000,0x00000000caefdc48,0x00000000cc100000)
 Metaspace       used 21727K, capacity 21947K, committed 22272K, reserved 1069056K
  class space    used 2415K, capacity 2522K, committed 2560K, reserved 1048576K
GC Heap History (10 events):
Event: 171.548 GC heap before
{Heap before GC invocations=6 (full 1):
 PSYoungGen      total 16384K, used 14336K [0x00000000ee380000, 0x00000000ef580000, 0x0000000100000000)
  eden space 14336K, 100% used [0x00000000ee380000,0x00000000ef180000,0x00000000ef180000)
  from space 2048K, 0% used [0x00000000ef380000,0x00000000ef380000,0x00000000ef580000)
  to   space 2048K, 0% used [0x00000000ef180000,0x00000000ef180000,0x00000000ef380000)
 ParOldGen       total 23552K, used 5079K [0x00000000caa00000, 0x00000000cc100000, 0x00000000ee380000)
  object space 23552K, 21% used [0x00000000caa00000,0x00000000caef5c48,0x00000000cc100000)
 Metaspace       used 21305K, capacity 21563K, committed 21760K, reserved 1069056K
  class space    used 2407K, capacity 2522K, committed 2560K, reserved 1048576K
Event: 171.556 GC heap after
Heap after GC invocations=6 (full 1):
 PSYoungGen      total 16384K, used 416K [0x00000000ee380000, 0x00000000efd80000, 0x0000000100000000)
  eden space 14336K, 0% used [0x00000000ee380000,0x00000000ee380000,0x00000000ef180000)
  from space 2048K, 20% used [0x00000000ef180000,0x00000000ef1e8000,0x00000000ef380000)
  to   space 6144K, 0% used [0x00000000ef780000,0x00000000ef780000,0x00000000efd80000)
 ParOldGen       total 23552K, used 5087K [0x00000000caa00000, 0x00000000cc100000, 0x00000000ee380000)
  object space 23552K, 21% used [0x00000000caa00000,0x00000000caef7c48,0x00000000cc100000)
 Metaspace       used 21305K, capacity 21563K, committed 21760K, reserved 1069056K
  class space    used 2407K, capacity 2522K, committed 2560K, reserved 1048576K
}
Event: 242.024 GC heap before
{Heap before GC invocations=7 (full 1):
 PSYoungGen      total 16384K, used 14752K [0x00000000ee380000, 0x00000000efd80000, 0x0000000100000000)
  eden space 14336K, 100% used [0x00000000ee380000,0x00000000ef180000,0x00000000ef180000)
  from space 2048K, 20% used [0x00000000ef180000,0x00000000ef1e8000,0x00000000ef380000)
  to   space 6144K, 0% used [0x00000000ef780000,0x00000000ef780000,0x00000000efd80000)
 ParOldGen       total 23552K, used 5087K [0x00000000caa00000, 0x00000000cc100000, 0x00000000ee380000)
  object space 23552K, 21% used [0x00000000caa00000,0x00000000caef7c48,0x00000000cc100000)
 Metaspace       used 21417K, capacity 21691K, committed 22016K, reserved 1069056K
  class space    used 2408K, capacity 2522K, committed 2560K, reserved 1048576K
Event: 242.029 GC heap after
Heap after GC invocations=7 (full 1):
 PSYoungGen      total 20480K, used 448K [0x00000000ee380000, 0x00000000efd80000, 0x0000000100000000)
  eden space 14336K, 0% used [0x00000000ee380000,0x00000000ee380000,0x00000000ef180000)
  from space 6144K, 7% used [0x00000000ef780000,0x00000000ef7f0000,0x00000000efd80000)
  to   space 6144K, 0% used [0x00000000ef180000,0x00000000ef180000,0x00000000ef780000)
 ParOldGen       total 23552K, used 5087K [0x00000000caa00000, 0x00000000cc100000, 0x00000000ee380000)
  object space 23552K, 21% used [0x00000000caa00000,0x00000000caef7c48,0x00000000cc100000)
 Metaspace       used 21417K, capacity 21691K, committed 22016K, reserved 1069056K
  class space    used 2408K, capacity 2522K, committed 2560K, reserved 1048576K
}
Event: 309.208 GC heap before
{Heap before GC invocations=8 (full 1):
 PSYoungGen      total 20480K, used 14784K [0x00000000ee380000, 0x00000000efd80000, 0x0000000100000000)
  eden space 14336K, 100% used [0x00000000ee380000,0x00000000ef180000,0x00000000ef180000)
  from space 6144K, 7% used [0x00000000ef780000,0x00000000ef7f0000,0x00000000efd80000)
  to   space 6144K, 0% used [0x00000000ef180000,0x00000000ef180000,0x00000000ef780000)
 ParOldGen       total 23552K, used 5087K [0x00000000caa00000, 0x00000000cc100000, 0x00000000ee380000)
  object space 23552K, 21% used [0x00000000caa00000,0x00000000caef7c48,0x00000000cc100000)
 Metaspace       used 21528K, capacity 21755K, committed 22016K, reserved 1069056K
  class space    used 2408K, capacity 2522K, committed 2560K, reserved 1048576K
Event: 309.218 GC heap after
Heap after GC invocations=8 (full 1):
 PSYoungGen      total 20480K, used 480K [0x00000000ee380000, 0x00000000efd80000, 0x0000000100000000)
  eden space 14336K, 0% used [0x00000000ee380000,0x00000000ee380000,0x00000000ef180000)
  from space 6144K, 7% used [0x00000000ef180000,0x00000000ef1f8000,0x00000000ef780000)
  to   space 6144K, 0% used [0x00000000ef780000,0x00000000ef780000,0x00000000efd80000)
 ParOldGen       total 23552K, used 5095K [0x00000000caa00000, 0x00000000cc100000, 0x00000000ee380000)
  object space 23552K, 21% used [0x00000000caa00000,0x00000000caef9c48,0x00000000cc100000)
 Metaspace       used 21528K, capacity 21755K, committed 22016K, reserved 1069056K
  class space    used 2408K, capacity 2522K, committed 2560K, reserved 1048576K
}
Event: 385.839 GC heap before
{Heap before GC invocations=9 (full 1):
 PSYoungGen      total 20480K, used 14816K [0x00000000ee380000, 0x00000000efd80000, 0x0000000100000000)
  eden space 14336K, 100% used [0x00000000ee380000,0x00000000ef180000,0x00000000ef180000)
  from space 6144K, 7% used [0x00000000ef180000,0x00000000ef1f8000,0x00000000ef780000)
  to   space 6144K, 0% used [0x00000000ef780000,0x00000000ef780000,0x00000000efd80000)
 ParOldGen       total 23552K, used 5095K [0x00000000caa00000, 0x00000000cc100000, 0x00000000ee380000)
  object space 23552K, 21% used [0x00000000caa00000,0x00000000caef9c48,0x00000000cc100000)
 Metaspace       used 21582K, capacity 21819K, committed 22016K, reserved 1069056K
  class space    used 2408K, capacity 2522K, committed 2560K, reserved 1048576K
Event: 385.844 GC heap after
Heap after GC invocations=9 (full 1):
 PSYoungGen      total 20480K, used 512K [0x00000000ee380000, 0x00000000efd80000, 0x0000000100000000)
  eden space 14336K, 0% used [0x00000000ee380000,0x00000000ee380000,0x00000000ef180000)
  from space 6144K, 8% used [0x00000000ef780000,0x00000000ef800000,0x00000000efd80000)
  to   space 6144K, 0% used [0x00000000ef180000,0x00000000ef180000,0x00000000ef780000)
 ParOldGen       total 23552K, used 5103K [0x00000000caa00000, 0x00000000cc100000, 0x00000000ee380000)
  object space 23552K, 21% used [0x00000000caa00000,0x00000000caefbc48,0x00000000cc100000)
 Metaspace       used 21582K, capacity 21819K, committed 22016K, reserved 1069056K
  class space    used 2408K, capacity 2522K, committed 2560K, reserved 1048576K
}
Event: 498.194 GC heap before
{Heap before GC invocations=10 (full 1):
 PSYoungGen      total 20480K, used 14848K [0x00000000ee380000, 0x00000000efd80000, 0x0000000100000000)
  eden space 14336K, 100% used [0x00000000ee380000,0x00000000ef180000,0x00000000ef180000)
  from space 6144K, 8% used [0x00000000ef780000,0x00000000ef800000,0x00000000efd80000)
  to   space 6144K, 0% used [0x00000000ef180000,0x00000000ef180000,0x00000000ef780000)
 ParOldGen       total 23552K, used 5103K [0x00000000caa00000, 0x00000000cc100000, 0x00000000ee380000)
  object space 23552K, 21% used [0x00000000caa00000,0x00000000caefbc48,0x00000000cc100000)
 Metaspace       used 21618K, capacity 21883K, committed 22016K, reserved 1069056K
  class space    used 2409K, capacity 2522K, committed 2560K, reserved 1048576K
Event: 498.198 GC heap after
Heap after GC invocations=10 (full 1):
 PSYoungGen      total 15360K, used 544K [0x00000000ee380000, 0x00000000efc80000, 0x0000000100000000)
  eden space 14336K, 0% used [0x00000000ee380000,0x00000000ee380000,0x00000000ef180000)
  from space 1024K, 53% used [0x00000000ef180000,0x00000000ef208000,0x00000000ef280000)
  to   space 5632K, 0% used [0x00000000ef700000,0x00000000ef700000,0x00000000efc80000)
 ParOldGen       total 23552K, used 5111K [0x00000000caa00000, 0x00000000cc100000, 0x00000000ee380000)
  object space 23552K, 21% used [0x00000000caa00000,0x00000000caefdc48,0x00000000cc100000)
 Metaspace       used 21618K, capacity 21883K, committed 22016K, reserved 1069056K
  class space    used 2409K, capacity 2522K, committed 2560K, reserved 1048576K
}

